c:\users\eppu\documents\visual studio 2013\projects\gameengine 0.1\gameengine 0.1\debug\vc120.pdb
c:\users\eppu\documents\visual studio 2013\projects\gameengine 0.1\gameengine 0.1\debug\vc120.idb
c:\users\eppu\documents\visual studio 2013\projects\gameengine 0.1\gameengine 0.1\debug\displaymanager.obj
c:\users\eppu\documents\visual studio 2013\projects\gameengine 0.1\gameengine 0.1\debug\loader.obj
c:\users\eppu\documents\visual studio 2013\projects\gameengine 0.1\gameengine 0.1\debug\masterrenderer.obj
c:\users\eppu\documents\visual studio 2013\projects\gameengine 0.1\gameengine 0.1\debug\staticshader.obj
c:\users\eppu\documents\visual studio 2013\projects\gameengine 0.1\gameengine 0.1\debug\terrain.obj
c:\users\eppu\documents\visual studio 2013\projects\gameengine 0.1\gameengine 0.1\debug\main.obj
c:\users\eppu\documents\visual studio 2013\projects\gameengine 0.1\gameengine 0.1\debug\modeldata.obj
c:\users\eppu\documents\visual studio 2013\projects\gameengine 0.1\gameengine 0.1\debug\modeltexture.obj
c:\users\eppu\documents\visual studio 2013\projects\gameengine 0.1\gameengine 0.1\debug\mymaths.obj
c:\users\eppu\documents\visual studio 2013\projects\gameengine 0.1\gameengine 0.1\debug\objloader.obj
c:\users\eppu\documents\visual studio 2013\projects\gameengine 0.1\gameengine 0.1\debug\rawimagedata.obj
c:\users\eppu\documents\visual studio 2013\projects\gameengine 0.1\gameengine 0.1\debug\rawmodel.obj
c:\users\eppu\documents\visual studio 2013\projects\gameengine 0.1\gameengine 0.1\debug\shaderprogram.obj
c:\users\eppu\documents\visual studio 2013\projects\gameengine 0.1\gameengine 0.1\debug\skyboxrenderer.obj
c:\users\eppu\documents\visual studio 2013\projects\gameengine 0.1\gameengine 0.1\debug\skyboxshader.obj
c:\users\eppu\documents\visual studio 2013\projects\gameengine 0.1\gameengine 0.1\debug\stbimage.obj
c:\users\eppu\documents\visual studio 2013\projects\gameengine 0.1\gameengine 0.1\debug\terrainrenderer.obj
c:\users\eppu\documents\visual studio 2013\projects\gameengine 0.1\gameengine 0.1\debug\terrainshader.obj
c:\users\eppu\documents\visual studio 2013\projects\gameengine 0.1\gameengine 0.1\debug\terraintexturepack.obj
c:\users\eppu\documents\visual studio 2013\projects\gameengine 0.1\gameengine 0.1\debug\texturedata.obj
c:\users\eppu\documents\visual studio 2013\projects\gameengine 0.1\gameengine 0.1\debug\texturedmodel.obj
c:\users\eppu\documents\visual studio 2013\projects\gameengine 0.1\gameengine 0.1\debug\vertex.obj
c:\users\eppu\documents\visual studio 2013\projects\gameengine 0.1\gameengine 0.1\debug\animation.obj
c:\users\eppu\documents\visual studio 2013\projects\gameengine 0.1\gameengine 0.1\debug\camera.obj
c:\users\eppu\documents\visual studio 2013\projects\gameengine 0.1\gameengine 0.1\debug\entity.obj
c:\users\eppu\documents\visual studio 2013\projects\gameengine 0.1\gameengine 0.1\debug\light.obj
c:\users\eppu\documents\visual studio 2013\projects\gameengine 0.1\gameengine 0.1\debug\localplayer.obj
c:\users\eppu\documents\visual studio 2013\projects\gameengine 0.1\gameengine 0.1\debug\lodepng.obj
c:\users\eppu\documents\visual studio 2013\projects\gameengine 0.1\gameengine 0.1\debug\fileio.obj
c:\users\eppu\documents\visual studio 2013\projects\gameengine 0.1\gameengine 0.1\debug\inputhandler.obj
c:\users\eppu\documents\visual studio 2013\projects\gameengine 0.1\gameengine 0.1\debug\shader2d.obj
c:\users\eppu\documents\visual studio 2013\projects\gameengine 0.1\gameengine 0.1\debug\mousepicker.obj
c:\users\eppu\documents\visual studio 2013\projects\gameengine 0.1\gameengine 0.1\debug\depthshader.obj
c:\users\eppu\documents\visual studio 2013\projects\gameengine 0.1\gameengine 0.1\debug\guitexture.obj
c:\users\eppu\documents\visual studio 2013\projects\gameengine 0.1\gameengine 0.1\debug\framebuffer.obj
c:\users\eppu\documents\visual studio 2013\projects\gameengine 0.1\gameengine 0.1\debug\renderer2d.obj
c:\users\eppu\documents\visual studio 2013\projects\gameengine 0.1\gameengine 0.1\debug\water.obj
c:\users\eppu\documents\visual studio 2013\projects\gameengine 0.1\gameengine 0.1\debug\watershader.obj
c:\users\eppu\documents\visual studio 2013\projects\gameengine 0.1\gameengine 0.1\debug\waterrenderer.obj
c:\users\eppu\documents\visual studio 2013\projects\gameengine 0.1\gameengine 0.1\debug\game.obj
c:\users\eppu\documents\visual studio 2013\projects\gameengine 0.1\gameengine 0.1\debug\gametime.obj
c:\users\eppu\documents\visual studio 2013\projects\gameengine 0.1\debug\gameengine 0.1.ilk
c:\users\eppu\documents\visual studio 2013\projects\gameengine 0.1\debug\gameengine 0.1.exe
c:\users\eppu\documents\visual studio 2013\projects\gameengine 0.1\debug\gameengine 0.1.pdb
c:\users\eppu\documents\visual studio 2013\projects\gameengine 0.1\gameengine 0.1\debug\nativecodeanalysis.read.1.tlog
c:\users\eppu\documents\visual studio 2013\projects\gameengine 0.1\gameengine 0.1\debug\vc.nativecodeanalysis.all.xml
c:\users\eppu\documents\visual studio 2013\projects\gameengine 0.1\debug\gameengine 0.1.exe.lastcodeanalysissucceeded
c:\users\eppu\documents\visual studio 2013\projects\gameengine 0.1\gameengine 0.1\debug\gameengine 0.1.tlog\cl.command.1.tlog
c:\users\eppu\documents\visual studio 2013\projects\gameengine 0.1\gameengine 0.1\debug\gameengine 0.1.tlog\cl.read.1.tlog
c:\users\eppu\documents\visual studio 2013\projects\gameengine 0.1\gameengine 0.1\debug\gameengine 0.1.tlog\cl.write.1.tlog
c:\users\eppu\documents\visual studio 2013\projects\gameengine 0.1\gameengine 0.1\debug\gameengine 0.1.tlog\link.command.1.tlog
c:\users\eppu\documents\visual studio 2013\projects\gameengine 0.1\gameengine 0.1\debug\gameengine 0.1.tlog\link.read.1.tlog
c:\users\eppu\documents\visual studio 2013\projects\gameengine 0.1\gameengine 0.1\debug\gameengine 0.1.tlog\link.write.1.tlog
